<?xml version="1.0" encoding="UTF-8"?>
<coverage generated="1668094469">
  <project timestamp="1668094469">
    <file name="/srv/app/src/Controller/EmailController.php">
      <class name="App\Controller\EmailController" namespace="global">
        <metrics complexity="1" methods="1" coveredmethods="1" conditionals="0" coveredconditionals="0" statements="6" coveredstatements="6" elements="7" coveredelements="7"/>
      </class>
      <line num="21" type="method" name="index" visibility="public" complexity="1" crap="1" count="2"/>
      <line num="24" type="stmt" count="2"/>
      <line num="25" type="stmt" count="2"/>
      <line num="26" type="stmt" count="2"/>
      <line num="27" type="stmt" count="2"/>
      <line num="28" type="stmt" count="2"/>
      <line num="30" type="stmt" count="2"/>
      <metrics loc="33" ncloc="28" classes="1" methods="1" coveredmethods="1" conditionals="0" coveredconditionals="0" statements="6" coveredstatements="6" elements="7" coveredelements="7"/>
    </file>
    <file name="/srv/app/src/Controller/FakeSecurityController.php">
      <class name="App\Controller\FakeSecurityController" namespace="global">
        <metrics complexity="5" methods="3" coveredmethods="3" conditionals="0" coveredconditionals="0" statements="8" coveredstatements="8" elements="11" coveredelements="11"/>
      </class>
      <line num="19" type="method" name="index" visibility="public" complexity="1" crap="1" count="1"/>
      <line num="23" type="stmt" count="1"/>
      <line num="28" type="method" name="login" visibility="public" complexity="2" crap="2" count="7"/>
      <line num="31" type="stmt" count="7"/>
      <line num="32" type="stmt" count="1"/>
      <line num="35" type="stmt" count="6"/>
      <line num="36" type="stmt" count="6"/>
      <line num="38" type="stmt" count="6"/>
      <line num="40" type="stmt" count="6"/>
      <line num="49" type="method" name="adminIndex" visibility="public" complexity="1" crap="1" count="1"/>
      <line num="53" type="stmt" count="1"/>
      <metrics loc="58" ncloc="53" classes="1" methods="3" coveredmethods="3" conditionals="0" coveredconditionals="0" statements="8" coveredstatements="8" elements="11" coveredelements="11"/>
    </file>
    <file name="/srv/app/src/Controller/HomepageController.php">
      <class name="App\Controller\HomepageController" namespace="global">
        <metrics complexity="1" methods="1" coveredmethods="1" conditionals="0" coveredconditionals="0" statements="1" coveredstatements="1" elements="2" coveredelements="2"/>
      </class>
      <line num="19" type="method" name="index" visibility="public" complexity="1" crap="1" count="2"/>
      <line num="22" type="stmt" count="2"/>
      <metrics loc="27" ncloc="22" classes="1" methods="1" coveredmethods="1" conditionals="0" coveredconditionals="0" statements="1" coveredstatements="1" elements="2" coveredelements="2"/>
    </file>
    <file name="/srv/app/src/DataFixtures/UserFixtures.php">
      <class name="App\DataFixtures\UserFixtures" namespace="global">
        <metrics complexity="2" methods="0" coveredmethods="0" conditionals="0" coveredconditionals="0" statements="0" coveredstatements="0" elements="0" coveredelements="0"/>
      </class>
      <metrics loc="38" ncloc="30" classes="0" methods="0" coveredmethods="0" conditionals="0" coveredconditionals="0" statements="0" coveredstatements="0" elements="0" coveredelements="0"/>
    </file>
    <file name="/srv/app/src/Entity/InvitationCode.php">
      <class name="App\Entity\InvitationCode" namespace="global">
        <metrics complexity="7" methods="7" coveredmethods="3" conditionals="0" coveredconditionals="0" statements="10" coveredstatements="6" elements="17" coveredelements="9"/>
      </class>
      <line num="37" type="method" name="getId" visibility="public" complexity="1" crap="2" count="0"/>
      <line num="39" type="stmt" count="0"/>
      <line num="42" type="method" name="getDescription" visibility="public" complexity="1" crap="2" count="0"/>
      <line num="44" type="stmt" count="0"/>
      <line num="47" type="method" name="setDescription" visibility="public" complexity="1" crap="1" count="5"/>
      <line num="49" type="stmt" count="5"/>
      <line num="51" type="stmt" count="5"/>
      <line num="54" type="method" name="getCode" visibility="public" complexity="1" crap="2" count="0"/>
      <line num="56" type="stmt" count="0"/>
      <line num="59" type="method" name="setCode" visibility="public" complexity="1" crap="1" count="5"/>
      <line num="61" type="stmt" count="5"/>
      <line num="63" type="stmt" count="5"/>
      <line num="66" type="method" name="getExpireAt" visibility="public" complexity="1" crap="2" count="0"/>
      <line num="68" type="stmt" count="0"/>
      <line num="71" type="method" name="setExpireAt" visibility="public" complexity="1" crap="1" count="5"/>
      <line num="73" type="stmt" count="5"/>
      <line num="75" type="stmt" count="5"/>
      <metrics loc="78" ncloc="73" classes="1" methods="7" coveredmethods="3" conditionals="0" coveredconditionals="0" statements="10" coveredstatements="6" elements="17" coveredelements="9"/>
    </file>
    <file name="/srv/app/src/Entity/User.php">
      <class name="App\Entity\User" namespace="global">
        <metrics complexity="9" methods="8" coveredmethods="7" conditionals="0" coveredconditionals="0" statements="13" coveredstatements="12" elements="21" coveredelements="19"/>
      </class>
      <line num="41" type="method" name="getId" visibility="public" complexity="1" crap="2" count="0"/>
      <line num="43" type="stmt" count="0"/>
      <line num="46" type="method" name="getEmail" visibility="public" complexity="1" crap="1" count="2"/>
      <line num="48" type="stmt" count="2"/>
      <line num="51" type="method" name="setEmail" visibility="public" complexity="1" crap="1" count="5"/>
      <line num="53" type="stmt" count="5"/>
      <line num="55" type="stmt" count="5"/>
      <line num="63" type="method" name="getUserIdentifier" visibility="public" complexity="1" crap="1" count="5"/>
      <line num="65" type="stmt" count="5"/>
      <line num="71" type="method" name="getRoles" visibility="public" complexity="1" crap="1" count="5"/>
      <line num="73" type="stmt" count="5"/>
      <line num="75" type="stmt" count="5"/>
      <line num="77" type="stmt" count="5"/>
      <line num="80" type="method" name="setRoles" visibility="public" complexity="1" crap="1" count="5"/>
      <line num="82" type="stmt" count="5"/>
      <line num="84" type="stmt" count="5"/>
      <line num="90" type="method" name="getPassword" visibility="public" complexity="1" crap="1" count="5"/>
      <line num="92" type="stmt" count="5"/>
      <line num="95" type="method" name="setPassword" visibility="public" complexity="1" crap="1" count="5"/>
      <line num="97" type="stmt" count="5"/>
      <line num="99" type="stmt" count="5"/>
      <metrics loc="111" ncloc="86" classes="1" methods="8" coveredmethods="7" conditionals="0" coveredconditionals="0" statements="13" coveredstatements="12" elements="21" coveredelements="19"/>
    </file>
    <file name="/srv/app/src/EventSubscriber/ExceptionSubscriber.php">
      <class name="App\EventSubscriber\ExceptionSubscriber" namespace="global">
        <metrics complexity="3" methods="3" coveredmethods="3" conditionals="0" coveredconditionals="0" statements="9" coveredstatements="9" elements="12" coveredelements="12"/>
      </class>
      <line num="20" type="method" name="__construct" visibility="public" complexity="1" crap="1" count="2"/>
      <line num="27" type="method" name="onException" visibility="public" complexity="1" crap="1" count="2"/>
      <line num="29" type="stmt" count="2"/>
      <line num="30" type="stmt" count="2"/>
      <line num="31" type="stmt" count="2"/>
      <line num="32" type="stmt" count="2"/>
      <line num="33" type="stmt" count="2"/>
      <line num="34" type="stmt" count="2"/>
      <line num="36" type="stmt" count="2"/>
      <line num="39" type="method" name="getSubscribedEvents" visibility="public" complexity="1" crap="1" count="4"/>
      <line num="42" type="stmt" count="4"/>
      <metrics loc="46" ncloc="41" classes="1" methods="3" coveredmethods="3" conditionals="0" coveredconditionals="0" statements="9" coveredstatements="9" elements="12" coveredelements="12"/>
    </file>
    <file name="/srv/app/src/Kernel.php">
      <class name="App\Kernel" namespace="global">
        <metrics complexity="0" methods="0" coveredmethods="0" conditionals="0" coveredconditionals="0" statements="0" coveredstatements="0" elements="0" coveredelements="0"/>
      </class>
      <metrics loc="18" ncloc="13" classes="0" methods="0" coveredmethods="0" conditionals="0" coveredconditionals="0" statements="0" coveredstatements="0" elements="0" coveredelements="0"/>
    </file>
    <file name="/srv/app/src/Repository/InvitationCodeRepository.php">
      <class name="App\Repository\InvitationCodeRepository" namespace="global">
        <metrics complexity="5" methods="1" coveredmethods="1" conditionals="0" coveredconditionals="0" statements="1" coveredstatements="1" elements="2" coveredelements="2"/>
      </class>
      <line num="25" type="method" name="__construct" visibility="public" complexity="1" crap="1" count="9"/>
      <line num="27" type="stmt" count="9"/>
      <metrics loc="79" ncloc="37" classes="1" methods="1" coveredmethods="1" conditionals="0" coveredconditionals="0" statements="1" coveredstatements="1" elements="2" coveredelements="2"/>
    </file>
    <file name="/srv/app/src/Repository/UserRepository.php">
      <class name="App\Repository\UserRepository" namespace="global">
        <metrics complexity="7" methods="1" coveredmethods="1" conditionals="0" coveredconditionals="0" statements="1" coveredstatements="1" elements="2" coveredelements="2"/>
      </class>
      <line num="28" type="method" name="__construct" visibility="public" complexity="1" crap="1" count="11"/>
      <line num="30" type="stmt" count="11"/>
      <metrics loc="98" ncloc="51" classes="1" methods="1" coveredmethods="1" conditionals="0" coveredconditionals="0" statements="1" coveredstatements="1" elements="2" coveredelements="2"/>
    </file>
    <file name="/srv/app/src/Security/AppFakeAuthenticator.php">
      <class name="App\Security\AppFakeAuthenticator" namespace="global">
        <metrics complexity="5" methods="4" coveredmethods="3" conditionals="0" coveredconditionals="0" statements="11" coveredstatements="8" elements="15" coveredelements="11"/>
      </class>
      <line num="32" type="method" name="__construct" visibility="public" complexity="1" crap="1" count="17"/>
      <line num="36" type="method" name="authenticate" visibility="public" complexity="1" crap="1" count="1"/>
      <line num="38" type="stmt" count="1"/>
      <line num="40" type="stmt" count="1"/>
      <line num="42" type="stmt" count="1"/>
      <line num="43" type="stmt" count="1"/>
      <line num="44" type="stmt" count="1"/>
      <line num="46" type="stmt" count="1"/>
      <line num="51" type="method" name="onAuthenticationSuccess" visibility="public" complexity="2" crap="6" count="0"/>
      <line num="53" type="stmt" count="0"/>
      <line num="54" type="stmt" count="0"/>
      <line num="57" type="stmt" count="0"/>
      <line num="60" type="method" name="getLoginUrl" visibility="protected" complexity="1" crap="1" count="2"/>
      <line num="62" type="stmt" count="2"/>
      <metrics loc="65" ncloc="60" classes="1" methods="4" coveredmethods="3" conditionals="0" coveredconditionals="0" statements="11" coveredstatements="8" elements="15" coveredelements="11"/>
    </file>
    <file name="/srv/app/src/Validator/EmailDomain.php">
      <class name="App\Validator\EmailDomain" namespace="global">
        <metrics complexity="3" methods="2" coveredmethods="2" conditionals="0" coveredconditionals="0" statements="4" coveredstatements="4" elements="6" coveredelements="6"/>
      </class>
      <line num="27" type="method" name="__construct" visibility="public" complexity="2" crap="2" count="3"/>
      <line num="29" type="stmt" count="3"/>
      <line num="31" type="stmt" count="2"/>
      <line num="32" type="stmt" count="1"/>
      <line num="39" type="method" name="getRequiredOptions" visibility="public" complexity="1" crap="1" count="3"/>
      <line num="41" type="stmt" count="3"/>
      <metrics loc="44" ncloc="31" classes="1" methods="2" coveredmethods="2" conditionals="0" coveredconditionals="0" statements="4" coveredstatements="4" elements="6" coveredelements="6"/>
    </file>
    <file name="/srv/app/src/Validator/EmailDomainValidator.php">
      <class name="App\Validator\EmailDomainValidator" namespace="global">
        <metrics complexity="5" methods="2" coveredmethods="2" conditionals="0" coveredconditionals="0" statements="8" coveredstatements="8" elements="10" coveredelements="10"/>
      </class>
      <line num="18" type="method" name="validate" visibility="public" complexity="4" crap="4" count="4"/>
      <line num="20" type="stmt" count="4"/>
      <line num="21" type="stmt" count="2"/>
      <line num="24" type="stmt" count="2"/>
      <line num="26" type="stmt" count="2"/>
      <line num="27" type="stmt" count="1"/>
      <line num="28" type="stmt" count="1"/>
      <line num="29" type="stmt" count="1"/>
      <line num="33" type="method" name="getDomain" visibility="private" complexity="1" crap="1" count="2"/>
      <line num="35" type="stmt" count="2"/>
      <metrics loc="38" ncloc="33" classes="1" methods="2" coveredmethods="2" conditionals="0" coveredconditionals="0" statements="8" coveredstatements="8" elements="10" coveredelements="10"/>
    </file>
    <metrics files="13" loc="733" ncloc="558" classes="11" methods="33" coveredmethods="27" conditionals="0" coveredconditionals="0" statements="72" coveredstatements="64" elements="105" coveredelements="91"/>
  </project>
</coverage>
